                         :-)  G  R  O  M  A  C  S  (-:

               Giant Rising Ordinary Mutants for A Clerical Setup

                            :-)  VERSION 4.6.1  (-:

        Contributions from Mark Abraham, Emile Apol, Rossen Apostolov, 
           Herman J.C. Berendsen, Aldert van Buuren, Pär Bjelkmar,  
     Rudi van Drunen, Anton Feenstra, Gerrit Groenhof, Christoph Junghans, 
        Peter Kasson, Carsten Kutzner, Per Larsson, Pieter Meulenhoff, 
           Teemu Murtola, Szilard Pall, Sander Pronk, Roland Schulz, 
                Michael Shirts, Alfons Sijbers, Peter Tieleman,

               Berk Hess, David van der Spoel, and Erik Lindahl.

       Copyright (c) 1991-2000, University of Groningen, The Netherlands.
         Copyright (c) 2001-2012,2013, The GROMACS development team at
        Uppsala University & The Royal Institute of Technology, Sweden.
            check out http://www.gromacs.org for more information.

         This program is free software; you can redistribute it and/or
       modify it under the terms of the GNU Lesser General Public License
        as published by the Free Software Foundation; either version 2.1
             of the License, or (at your option) any later version.

                              :-)  g_confrms  (-:

Option     Filename  Type         Description
------------------------------------------------------------
 -f1 assembly-chainE-dbd.pdb  Input        Structure+mass(db): tpr tpb tpa
                                   gro g96 pdb
 -f2 helix3/helix30.pdb  Input        Structure file: gro g96 pdb tpr etc.
  -o        fit.pdb  Output       Structure file: gro g96 pdb etc.
 -n1   assembly.ndx  Input, Opt!  Index file
 -n2        fit.ndx  Input, Opt!  Index file
 -no      match.ndx  Output, Opt. Index file

Option       Type   Value   Description
------------------------------------------------------
-[no]h       bool   no      Print help info and quit
-[no]version bool   no      Print version info and quit
-nice        int    19      Set the nicelevel
-[no]w       bool   no      View output .xvg, .xpm, .eps and .pdb files
-[no]one     bool   yes     Only write the fitted structure to file
-[no]mw      bool   yes     Mass-weighted fitting and RMSD
-[no]pbc     bool   no      Try to make molecules whole again
-[no]fit     bool   yes     Do least squares superposition of the target
                            structure to the reference
-[no]name    bool   no      Only compare matching atom names
-[no]label   bool   no      Added chain labels A for first and B for second
                            structure
-[no]bfac    bool   no      Output B-factors from atomic MSD values


Reading first structure file

Containing 10092 atoms in 631 residues
Select group from first structure
Group     0 (C-alpha_&_chE_&_r_55-64) has    10 elements
There is one group in the index

Reading second structure file

Containing 714 atoms in 43 residues
Select group from second structure
Group     0 (C-alpha_&_chY_&_r_55-64) has    10 elements
There is one group in the index

Back Off! I just backed up fit.pdb to ./#fit.pdb.1#

gcq#191: "Ich Bin Ein Berliner" (J.F. Kennedy)


WARNING: Masses and atomic (Van der Waals) radii will be guessed
         based on residue and atom names, since they could not be
         definitively assigned from the information in your input
         files. These guessed numbers might deviate from the mass
         and radius of the atom type. Please check the output
         files if necessary.



WARNING: Masses and atomic (Van der Waals) radii will be guessed
         based on residue and atom names, since they could not be
         definitively assigned from the information in your input
         files. These guessed numbers might deviate from the mass
         and radius of the atom type. Please check the output
         files if necessary.

Root mean square deviation after lsq fit = 0.0643348 nm
