                         :-)  G  R  O  M  A  C  S  (-:

                 Good ROcking Metal Altar for Chronical Sinners

                            :-)  VERSION 4.6.1  (-:

        Contributions from Mark Abraham, Emile Apol, Rossen Apostolov, 
           Herman J.C. Berendsen, Aldert van Buuren, Pär Bjelkmar,  
     Rudi van Drunen, Anton Feenstra, Gerrit Groenhof, Christoph Junghans, 
        Peter Kasson, Carsten Kutzner, Per Larsson, Pieter Meulenhoff, 
           Teemu Murtola, Szilard Pall, Sander Pronk, Roland Schulz, 
                Michael Shirts, Alfons Sijbers, Peter Tieleman,

               Berk Hess, David van der Spoel, and Erik Lindahl.

       Copyright (c) 1991-2000, University of Groningen, The Netherlands.
         Copyright (c) 2001-2012,2013, The GROMACS development team at
        Uppsala University & The Royal Institute of Technology, Sweden.
            check out http://www.gromacs.org for more information.

         This program is free software; you can redistribute it and/or
       modify it under the terms of the GNU Lesser General Public License
        as published by the Free Software Foundation; either version 2.1
             of the License, or (at your option) any later version.

                                :-)  mdrun  (-:

Option     Filename  Type         Description
------------------------------------------------------------
  -s         em.tpr  Input        Run input file: tpr tpb tpa
  -o         em.trr  Output       Full precision trajectory: trr trj cpt
  -x         em.xtc  Output, Opt. Compressed trajectory (portable xdr format)
-cpi         em.cpt  Input, Opt.  Checkpoint file
-cpo         em.cpt  Output, Opt. Checkpoint file
  -c         em.gro  Output       Structure file: gro g96 pdb etc.
  -e         em.edr  Output       Energy file
  -g         em.log  Output       Log file
-dhdl        em.xvg  Output, Opt. xvgr/xmgr file
-field       em.xvg  Output, Opt. xvgr/xmgr file
-table       em.xvg  Input, Opt.  xvgr/xmgr file
-tabletf     em.xvg  Input, Opt.  xvgr/xmgr file
-tablep      em.xvg  Input, Opt.  xvgr/xmgr file
-tableb      em.xvg  Input, Opt.  xvgr/xmgr file
-rerun       em.trr  Input, Opt.  Trajectory: xtc trr trj gro g96 pdb cpt
-tpi         em.xvg  Output, Opt. xvgr/xmgr file
-tpid        em.xvg  Output, Opt. xvgr/xmgr file
 -ei         em.edi  Input, Opt.  ED sampling input
 -eo         em.xvg  Output, Opt. xvgr/xmgr file
  -j         em.gct  Input, Opt.  General coupling stuff
 -jo         em.gct  Output, Opt. General coupling stuff
-ffout       em.xvg  Output, Opt. xvgr/xmgr file
-devout      em.xvg  Output, Opt. xvgr/xmgr file
-runav       em.xvg  Output, Opt. xvgr/xmgr file
 -px         em.xvg  Output, Opt. xvgr/xmgr file
 -pf         em.xvg  Output, Opt. xvgr/xmgr file
 -ro         em.xvg  Output, Opt. xvgr/xmgr file
 -ra         em.log  Output, Opt. Log file
 -rs         em.log  Output, Opt. Log file
 -rt         em.log  Output, Opt. Log file
-mtx         em.mtx  Output, Opt. Hessian matrix
 -dn         em.ndx  Output, Opt. Index file
-multidir        em  Input, Opt., Mult. Run directory
-plumed      em.dat  Input, Opt.  Generic data file
-membed      em.dat  Input, Opt.  Generic data file
 -mp         em.top  Input, Opt.  Topology file
 -mn         em.ndx  Input, Opt.  Index file

Option       Type   Value   Description
------------------------------------------------------
-[no]h       bool   no      Print help info and quit
-[no]version bool   no      Print version info and quit
-nice        int    0       Set the nicelevel
-deffnm      string em      Set the default filename for all file options
-xvg         enum   xmgrace  xvg plot formatting: xmgrace, xmgr or none
-[no]pd      bool   no      Use particle decompostion
-dd          vector 0 0 0   Domain decomposition grid, 0 is optimize
-ddorder     enum   interleave  DD node order: interleave, pp_pme or cartesian
-npme        int    -1      Number of separate nodes to be used for PME, -1
                            is guess
-nt          int    0       Total number of threads to start (0 is guess)
-ntmpi       int    0       Number of thread-MPI threads to start (0 is guess)
-ntomp       int    0       Number of OpenMP threads per MPI process/thread
                            to start (0 is guess)
-ntomp_pme   int    0       Number of OpenMP threads per MPI process/thread
                            to start (0 is -ntomp)
-pin         enum   auto    Fix threads (or processes) to specific cores:
                            auto, on or off
-pinoffset   int    0       The starting logical core number for pinning to
                            cores; used to avoid pinning threads from
                            different mdrun instances to the same core
-pinstride   int    0       Pinning distance in logical cores for threads,
                            use 0 to minimize the number of threads per
                            physical core
-gpu_id      string         List of GPU id's to use
-[no]ddcheck bool   yes     Check for all bonded interactions with DD
-rdd         real   0       The maximum distance for bonded interactions with
                            DD (nm), 0 is determine from initial coordinates
-rcon        real   0       Maximum distance for P-LINCS (nm), 0 is estimate
-dlb         enum   auto    Dynamic load balancing (with DD): auto, no or yes
-dds         real   0.8     Minimum allowed dlb scaling of the DD cell size
-gcom        int    -1      Global communication frequency
-nb          enum   auto    Calculate non-bonded interactions on: auto, cpu,
                            gpu or gpu_cpu
-[no]tunepme bool   yes     Optimize PME load between PP/PME nodes or GPU/CPU
-[no]testverlet bool   no      Test the Verlet non-bonded scheme
-[no]v       bool   yes     Be loud and noisy
-[no]compact bool   yes     Write a compact log file
-[no]seppot  bool   no      Write separate V and dVdl terms for each
                            interaction type and node to the log file(s)
-pforce      real   -1      Print all forces larger than this (kJ/mol nm)
-[no]reprod  bool   no      Try to avoid optimizations that affect binary
                            reproducibility
-cpt         real   15      Checkpoint interval (minutes)
-[no]cpnum   bool   no      Keep and number checkpoint files
-[no]append  bool   yes     Append to previous output files when continuing
                            from checkpoint instead of adding the simulation
                            part number to all file names
-nsteps      int    -2      Run this number of steps, overrides .mdp file
                            option
-maxh        real   -1      Terminate after 0.99 times this time (hours)
-multi       int    0       Do multiple simulations in parallel
-replex      int    0       Attempt replica exchange periodically with this
                            period (steps)
-nex         int    0       Number of random exchanges to carry out each
                            exchange interval (N^3 is one suggestion).  -nex
                            zero or not specified gives neighbor replica
                            exchange.
-reseed      int    -1      Seed for replica exchange, -1 is generate a seed
-[no]ionize  bool   no      Do a simulation including the effect of an X-Ray
                            bombardment on your system


Back Off! I just backed up em.log to ./#em.log.1#
Reading file em.tpr, VERSION 4.6.1 (single precision)

Back Off! I just backed up em.trr to ./#em.trr.1#

Back Off! I just backed up em.edr to ./#em.edr.1#

Polak-Ribiere Conjugate Gradients:
   Tolerance (Fmax)   =  1.00000e+04
   Number of steps    =      1000000
   F-max             =  3.79540e+16 on atom 1493
   F-Norm            =  5.12588e+14

Step 0, Epot=3.318396e+11, Fnorm=1.380e+12, Fmax=1.022e+14 (atom 2191)

Energy minimization has stopped, but the forces havenot converged to the
requested precision Fmax < 10000 (whichmay not be possible for your system).
It stoppedbecause the algorithm tried to make a new step whose sizewas too
small, or there was no change in the energy sincelast step. Either way, we
regard the minimization asconverged to within the available machine
precision,given your starting configuration and EM parameters.

Double precision normally gives you higher accuracy, butthis is often not
needed for preparing to run moleculardynamics.

writing lowest energy coordinates.

Back Off! I just backed up em.gro to ./#em.gro.1#

Polak-Ribiere Conjugate Gradients converged to machine precision in 0 steps,
but did not reach the requested Fmax < 10000.
Potential Energy  =  3.3183957e+11
Maximum force     =  1.0221447e+14 on atom 2191
Norm of force     =  1.3804635e+12

gcq#263: "Why Weren't You at My Funeral ?" (G. Groenhof)

